2015-07-30 16:12:01,554 WARN Connection request
2015-07-30 16:18:36,818 WARN Connection request
2015-07-30 16:18:38,680 WARN Connection request
2015-07-30 16:34:50,091 WARN Connection request
2015-07-30 16:44:36,930 WARN Connection request
2015-07-30 17:11:54,937 WARN caught end
2015-07-30 17:22:34,245 WARN caught end
2015-07-30 17:49:05,943 WARN Connection request
2015-07-30 17:55:26,200 WARN Cannot open
2015-07-30 19:50:21,400 WARN caught end
2015-07-30 19:59:02,538 WARN Connection request
2015-07-30 20:17:12,294 WARN caught end
2015-07-30 20:35:02,324 WARN Connection request
2015-07-30 21:03:35,465 WARN caught end
2015-07-30 21:03:44,632 WARN Connection request
2015-07-30 23:43:22,414 WARN ******* GOODBYE
2015-07-30 23:44:01,784 WARN Cannot open
2015-07-30 23:44:04,784 WARN Cannot open
2015-07-30 23:44:58,183 WARN Cannot open
2015-07-30 23:49:40,005 WARN Interrupting SendWorker
2015-07-30 14:52:27,546 WARN caught end
2015-07-30 15:34:30,623 WARN caught end
2015-07-30 15:37:52,338 WARN caught end
2015-07-30 15:41:43,385 WARN caught end
2015-07-30 16:11:39,406 WARN caught end
2015-07-30 16:18:19,077 WARN caught end
2015-07-30 16:18:40,188 WARN Connection request
2015-07-30 17:33:11,443 WARN Connection request
2015-07-30 17:49:45,653 WARN caught end
2015-07-30 18:08:02,428 WARN caught end
2015-07-30 18:17:53,378 WARN caught end
2015-07-30 20:41:23,305 WARN caught end
2015-07-30 14:48:54,960 WARN caught end
2015-07-30 15:13:40,916 WARN caught end
2015-07-30 15:14:15,378 WARN Connection request
2015-07-30 16:21:13,810 WARN caught end
2015-07-30 16:34:25,605 WARN Connection request
2015-07-30 16:34:35,580 WARN Connection request
2015-07-30 17:36:52,812 WARN caught end
2015-07-30 17:40:45,765 WARN Connection broken
2015-07-30 19:19:12,507 WARN Connection request
2015-07-30 19:57:45,045 WARN Connection request
2015-07-30 20:36:32,026 WARN Connection request
2015-07-30 23:03:42,330 WARN caught end
